<?xml version="1.0" encoding="UTF-8"?>
<!-- Generated by org.testng.reporters.JUnitReportReporter -->
<testsuite hostname="DESKTOP-IKHEAKC" failures="0" tests="1" name="testCaseRepo.TC_005_Test" time="25.061" errors="0" timestamp="2025-03-27T14:59:54 IST" skipped="0">
  <testcase classname="testCaseRepo.TC_005_Test" name="CON_002" time="25.061">
    <system-out>
      <![CDATA[CON_002->On Test start
CON_002->On Test success]]>
    </system-out>
  </testcase> <!-- CON_002 -->
  <system-out>
    <![CDATA[LE_003->On Test start
LE_003->On Test success
CON_002->On Test start
CON_002->On Test success]]>
  </system-out>
</testsuite> <!-- testCaseRepo.TC_005_Test -->
