<?xml version="1.0" encoding="UTF-8"?>
<!-- Generated by org.testng.reporters.JUnitReportReporter -->
<testsuite hostname="DESKTOP-IKHEAKC" failures="0" tests="1" name="testCaseRepo.TC_004_Test" time="30.724" errors="0" timestamp="2025-03-27T14:57:01 IST" skipped="0">
  <testcase classname="testCaseRepo.TC_004_Test" name="CON_001" time="30.724">
    <system-out>
      <![CDATA[CON_001->On Test start
CON_001->On Test success]]>
    </system-out>
  </testcase> <!-- CON_001 -->
  <system-out>
    <![CDATA[LE_001->On Test start
LE_001->On Test success
CON_001->On Test start
CON_001->On Test success]]>
  </system-out>
</testsuite> <!-- testCaseRepo.TC_004_Test -->
