<?xml version="1.0" encoding="UTF-8"?>
<!-- Generated by org.testng.reporters.JUnitReportReporter -->
<testsuite hostname="DESKTOP-IKHEAKC" failures="0" tests="1" name="testCaseRepo.TC_001" time="52.827" errors="0" timestamp="2025-03-25T18:02:37 IST" skipped="0">
  <testcase classname="testCaseRepo.TC_001" name="LE_001" time="52.827"/>
</testsuite> <!-- testCaseRepo.TC_001 -->
