<?xml version="1.0" encoding="UTF-8"?>
<!-- Generated by org.testng.reporters.JUnitReportReporter -->
<testsuite hostname="DESKTOP-IKHEAKC" failures="0" tests="1" name="testCaseRepo.TC_008" time="18.598" errors="0" timestamp="2025-03-20T14:13:21 IST" skipped="0">
  <testcase classname="testCaseRepo.TC_008" name="ORG_002" time="18.598"/>
</testsuite> <!-- testCaseRepo.TC_008 -->
