<?xml version="1.0" encoding="UTF-8"?>
<!-- Generated by org.testng.reporters.JUnitReportReporter -->
<testsuite hostname="DESKTOP-IKHEAKC" failures="0" tests="1" name="testCaseRepo.TC_002" time="24.946" errors="0" timestamp="2025-03-25T18:17:23 IST" skipped="0">
  <testcase classname="testCaseRepo.TC_002" name="LE_002" time="24.946"/>
</testsuite> <!-- testCaseRepo.TC_002 -->
