<?xml version="1.0" encoding="UTF-8"?>
<!-- Generated by org.testng.reporters.JUnitReportReporter -->
<testsuite hostname="DESKTOP-IKHEAKC" failures="0" tests="1" name="testCaseRepo.TC_007" time="20.917" errors="0" timestamp="2025-03-20T14:13:21 IST" skipped="0">
  <testcase classname="testCaseRepo.TC_007" name="ORG_001" time="20.917"/>
</testsuite> <!-- testCaseRepo.TC_007 -->
