<?xml version="1.0" encoding="UTF-8"?>
<!-- Generated by org.testng.reporters.JUnitReportReporter -->
<testsuite hostname="DESKTOP-IKHEAKC" failures="0" tests="5" name="sample.TestNGPractice" time="0.062" errors="0" timestamp="2025-03-14T14:43:54 IST" skipped="0">
  <testcase classname="sample.TestNGPractice" name="createUser" time="0.011"/>
  <testcase classname="sample.TestNGPractice" name="createUser" time="0.006"/>
  <testcase classname="sample.TestNGPractice" name="createUser" time="0.027"/>
  <testcase classname="sample.TestNGPractice" name="modifyUser" time="0.013"/>
  <testcase classname="sample.TestNGPractice" name="deleteUser" time="0.005"/>
</testsuite> <!-- sample.TestNGPractice -->
