<?xml version="1.0" encoding="UTF-8"?>
<!-- Generated by org.testng.reporters.JUnitReportReporter -->
<testsuite hostname="DESKTOP-IKHEAKC" failures="0" tests="1" name="testCaseRepo.TC_001_Test" time="25.899" errors="0" timestamp="2025-03-27T14:57:01 IST" skipped="0">
  <testcase classname="testCaseRepo.TC_001_Test" name="LE_001" time="25.899">
    <system-out>
      <![CDATA[LE_001->On Test start
LE_001->On Test success]]>
    </system-out>
  </testcase> <!-- LE_001 -->
  <system-out>
    <![CDATA[LE_001->On Test start
LE_001->On Test success
CON_001->On Test start
CON_001->On Test success]]>
  </system-out>
</testsuite> <!-- testCaseRepo.TC_001_Test -->
