<?xml version="1.0" encoding="UTF-8"?>
<!-- Generated by org.testng.reporters.JUnitReportReporter -->
<testsuite hostname="DESKTOP-IKHEAKC" failures="0" tests="2" name="testCaseRepo.TC_002_Test" time="41.445" errors="0" timestamp="2025-03-27T14:42:32 IST" skipped="0">
  <testcase classname="testCaseRepo.TC_002_Test" name="LE_002" time="30.202">
    <system-out>
      <![CDATA[LE_002->On Test start
LE_002->On Test success]]>
    </system-out>
  </testcase> <!-- LE_002 -->
  <testcase classname="testCaseRepo.TC_002_Test" name="demo" time="11.243">
    <system-out>
      <![CDATA[demo->On Test start
demo->On Test success]]>
    </system-out>
  </testcase> <!-- demo -->
  <system-out>
    <![CDATA[LE_003->On Test start
LE_003->On Test success
LE_002->On Test start
LE_002->On Test success
demo->On Test start
demo->On Test success
LE_001->On Test start
LE_001->On Test success]]>
  </system-out>
</testsuite> <!-- testCaseRepo.TC_002_Test -->
