<?xml version="1.0" encoding="UTF-8"?>
<!-- Generated by org.testng.reporters.JUnitReportReporter -->
<testsuite hostname="DESKTOP-IKHEAKC" failures="0" tests="5" name="sample.TestNGPractice" time="0.025" errors="0" timestamp="2025-03-27T11:35:05 IST" skipped="0">
  <testcase classname="sample.TestNGPractice" name="createUser" time="0.013">
    <system-out>
      <![CDATA[createUser->On Test start
createUser->On Test success]]>
    </system-out>
  </testcase> <!-- createUser -->
  <testcase classname="sample.TestNGPractice" name="createUser" time="0.004">
    <system-out>
      <![CDATA[createUser->On Test start
createUser->On Test success]]>
    </system-out>
  </testcase> <!-- createUser -->
  <testcase classname="sample.TestNGPractice" name="createUser" time="0.005">
    <system-out>
      <![CDATA[createUser->On Test start
createUser->On Test success]]>
    </system-out>
  </testcase> <!-- createUser -->
  <testcase classname="sample.TestNGPractice" name="modifyUser" time="0.002">
    <system-out>
      <![CDATA[modifyUser->On Test start
modifyUser->On Test success]]>
    </system-out>
  </testcase> <!-- modifyUser -->
  <testcase classname="sample.TestNGPractice" name="deleteUser" time="0.001">
    <system-out>
      <![CDATA[deleteUser->On Test start
deleteUser->On Test success]]>
    </system-out>
  </testcase> <!-- deleteUser -->
  <system-out>
    <![CDATA[createUser->On Test start
createUser->On Test success
createUser->On Test start
createUser->On Test success
createUser->On Test start
createUser->On Test success
modifyUser->On Test start
modifyUser->On Test success
deleteUser->On Test start
deleteUser->On Test success
LE_001->On Test start
LE_001->On Test success
LE_002->On Test start
LE_002->On Test success
demo->On Test start
demo->On Test success
LE_003->On Test start
LE_003->On Test success
CON_001->On Test start
CON_001->On Test success
CON_002->On Test start
CON_002->On Test success
CON_003->On Test start
CON_003->On Test success]]>
  </system-out>
</testsuite> <!-- sample.TestNGPractice -->
