<?xml version="1.0" encoding="UTF-8"?>
<!-- Generated by org.testng.reporters.JUnitReportReporter -->
<testsuite hostname="DESKTOP-IKHEAKC" failures="0" tests="1" name="testCaseRepo.TC_003_Test" time="28.124" errors="0" timestamp="2025-03-27T14:42:32 IST" skipped="0">
  <testcase classname="testCaseRepo.TC_003_Test" name="LE_003" time="28.124">
    <system-out>
      <![CDATA[LE_003->On Test start
LE_003->On Test success]]>
    </system-out>
  </testcase> <!-- LE_003 -->
  <system-out>
    <![CDATA[LE_003->On Test start
LE_003->On Test success
LE_002->On Test start
LE_002->On Test success
demo->On Test start
demo->On Test success
LE_001->On Test start
LE_001->On Test success]]>
  </system-out>
</testsuite> <!-- testCaseRepo.TC_003_Test -->
