<?xml version="1.0" encoding="UTF-8"?>
<!-- Generated by org.testng.reporters.JUnitReportReporter -->
<testsuite hostname="DESKTOP-IKHEAKC" failures="0" tests="1" name="testCaseRepo.TC_006_Test" time="30.920" errors="0" timestamp="2025-03-27T11:35:05 IST" skipped="0">
  <testcase classname="testCaseRepo.TC_006_Test" name="CON_003" time="30.920">
    <system-out>
      <![CDATA[CON_003->On Test start
CON_003->On Test success]]>
    </system-out>
  </testcase> <!-- CON_003 -->
  <system-out>
    <![CDATA[createUser->On Test start
createUser->On Test success
createUser->On Test start
createUser->On Test success
createUser->On Test start
createUser->On Test success
modifyUser->On Test start
modifyUser->On Test success
deleteUser->On Test start
deleteUser->On Test success
LE_001->On Test start
LE_001->On Test success
LE_002->On Test start
LE_002->On Test success
demo->On Test start
demo->On Test success
LE_003->On Test start
LE_003->On Test success
CON_001->On Test start
CON_001->On Test success
CON_002->On Test start
CON_002->On Test success
CON_003->On Test start
CON_003->On Test success]]>
  </system-out>
</testsuite> <!-- testCaseRepo.TC_006_Test -->
